<?xml version="1.0" encoding="UTF-8"?>
<!-- Generated by org.testng.reporters.JUnitReportReporter -->
<testsuite hostname="DESKTOP-3FDK7BM" failures="0" tests="1" name="avactis.testcases.Registration" time="30.658" errors="0" timestamp="2023-10-12T10:11:52 IST" skipped="0">
  <testcase classname="avactis.testcases.Registration" name="verifyRegistrationWithValidDetails" time="30.658"/>
</testsuite> <!-- avactis.testcases.Registration -->
