<?xml version="1.0" encoding="UTF-8"?>
<!-- Generated by org.testng.reporters.JUnitReportReporter -->
<testsuite hostname="DESKTOP-3FDK7BM" failures="0" tests="4" name="avactis.testcases.RegistrationTest" time="239.195" errors="0" timestamp="2023-10-23T10:22:40 IST" skipped="0">
  <testcase classname="avactis.testcases.RegistrationTest" name="verifyRegistrationWithValidDetails" time="58.819"/>
  <testcase classname="avactis.testcases.RegistrationTest" name="verifyRegistrationWithValidDetails" time="60.168"/>
  <testcase classname="avactis.testcases.RegistrationTest" name="verifyRegistrationWithInvalidDetails" time="61.517"/>
  <testcase classname="avactis.testcases.RegistrationTest" name="verifyRegistrationWithInvalidDetails" time="58.691"/>
</testsuite> <!-- avactis.testcases.RegistrationTest -->
