<?xml version="1.0" encoding="UTF-8"?>
<!-- Generated by org.testng.reporters.JUnitReportReporter -->
<testsuite hostname="DESKTOP-3FDK7BM" failures="0" tests="3" name="avactis.testcases.LoginTest" time="77.697" errors="0" timestamp="2023-10-23T13:39:13 IST" skipped="0">
  <testcase classname="avactis.testcases.LoginTest" name="verifyLoginWithValidDetails" time="25.644"/>
  <testcase classname="avactis.testcases.LoginTest" name="verifyLoginWithValidDetails" time="23.885"/>
  <testcase classname="avactis.testcases.LoginTest" name="verifyLoginWithInalidDetails" time="28.168"/>
</testsuite> <!-- avactis.testcases.LoginTest -->
