<?xml version="1.0" encoding="UTF-8"?>
<!-- Generated by org.testng.reporters.JUnitReportReporter -->
<testsuite hostname="DESKTOP-3FDK7BM" failures="0" tests="1" name="avactis.testcases.RegistrationPO" time="16.468" errors="0" timestamp="2023-10-17T13:24:37 IST" skipped="0">
  <testcase classname="avactis.testcases.RegistrationPO" name="verifyRegistrationWithValidDetails" time="16.468"/>
</testsuite> <!-- avactis.testcases.RegistrationPO -->
